
> unitedstats@0.1.0 prebuild
> npm run build:db && npm run export:dataset


> unitedstats@0.1.0 build:db
> tsx scripts/build-db.ts

league_standings: linked 2430/2430 rival rows to opponents
search_index: 1419 entities (1000 players)
built C:\Users\cbrow\Code\unitedstats\data\united.db: 6027 matches (1886-10-30 → 2026-05-24), 19661 events, 6022 matches with lineups

> unitedstats@0.1.0 export:dataset
> tsx scripts/export-dataset.ts

exported matches.csv (6027), events.csv (19661), lineups.csv (88406), elo_history.csv (6027), transfers.csv (1967), season_summaries.csv (398), league_standings.csv (2553), players.csv (984), player_media.csv (132), manager_media.csv (22), og_scorer_media.csv (84), player_positions.csv (937) -> C:\Users\cbrow\Code\unitedstats\public\dataset

> unitedstats@0.1.0 build
> next build

▲ Next.js 16.2.9 (Turbopack)
- Environments: .env

  Creating an optimized production build ...
✓ Compiled successfully in 7.5s
  Running TypeScript ...
  Finished TypeScript in 10.1s ...
  Collecting page data using 21 workers ...
  Generating static pages using 21 workers (0/5) ...
  Generating static pages using 21 workers (1/5) 
  Generating static pages using 21 workers (2/5) 
  Generating static pages using 21 workers (3/5) 
✓ Generating static pages using 21 workers (5/5) in 329ms
  Finalizing page optimization ...

Route (app)
┌ ƒ /
├ ○ /_not-found
├ ƒ /analytics
├ ƒ /api/search
├ ƒ /api/search/click
├ ƒ /api/v1
├ ƒ /api/v1/competitions
├ ƒ /api/v1/managers
├ ƒ /api/v1/matches
├ ƒ /api/v1/matches/[id]
├ ƒ /api/v1/meta
├ ƒ /api/v1/opponents
├ ƒ /api/v1/players
├ ƒ /api/v1/players/[id]
├ ƒ /api/v1/seasons
├ ƒ /api/v1/seasons/[season]
├ ƒ /data
├ ƒ /manager/[id]
├ ƒ /managers
├ ƒ /match/[id]
├ ƒ /matches
├ ƒ /opponent/[id]
├ ƒ /opponents
├ ƒ /player/[id]
├ ƒ /players
├ ƒ /questions
├ ƒ /search
├ ƒ /seasons
├ ƒ /seasons/[season]
└ ƒ /transfers


○  (Static)   prerendered as static content
ƒ  (Dynamic)  server-rendered on demand

npm notice
npm notice New minor version of npm available! 11.12.1 -> 11.17.0
npm notice Changelog: https://github.com/npm/cli/releases/tag/v11.17.0
npm notice To update run: npm install -g npm@11.17.0
npm notice
